{
  "stats": {
    "suites": 1,
    "tests": 1,
    "passes": 0,
    "pending": 0,
    "failures": 1,
    "start": "2020-09-16T15:49:24.957Z",
    "end": "2020-09-16T15:50:02.606Z",
    "duration": 37649,
    "testsRegistered": 1,
    "passPercent": 0,
    "pendingPercent": 0,
    "other": 0,
    "hasOther": false,
    "skipped": 0,
    "hasSkipped": false
  },
  "results": [
    {
      "uuid": "7133adb0-412e-467b-b6df-27dda4b8b3e2",
      "title": "",
      "fullFile": "cypress\\integration\\Cambio.feature",
      "file": "cypress\\integration\\Cambio.feature",
      "beforeHooks": [],
      "afterHooks": [],
      "tests": [],
      "suites": [
        {
          "uuid": "15cfcd1e-2735-4061-8a66-435901e0b37e",
          "title": "Acessar Câmbio Crefisa",
          "fullFile": "",
          "file": "",
          "beforeHooks": [],
          "afterHooks": [],
          "tests": [
            {
              "title": "Acessar a página Agente Crefisa",
              "fullTitle": "Acessar Câmbio Crefisa Acessar a página Agente Crefisa",
              "timedOut": null,
              "duration": 37537,
              "state": "failed",
              "speed": null,
              "pass": false,
              "fail": true,
              "pending": false,
              "context": null,
              "code": "const state = window.testState;\nreturn cy\n  .then(() => state.onStartScenario(scenario, indexedSteps))\n  .then(() =>\n    resolveAndRunBeforeHooks.call(this, scenario.tags, state.feature.name)\n  )\n  .then(() =>\n    indexedSteps.forEach(step =>\n      stepTest.call(this, state, step, rowData)\n    )\n  )\n  .then(() =>\n    resolveAndRunAfterHooks.call(this, scenario.tags, state.feature.name)\n  )\n  .then(() => state.onFinishScenario(scenario));",
              "err": {
                "message": "AssertionError: Timed out retrying: Expected to find element: `.feature-card__cta order-4 btn bg-orange py-4 text-white text-uppercase`, but never found it.",
                "estack": "AssertionError: Timed out retrying: Expected to find element: `.feature-card__cta order-4 btn bg-orange py-4 text-white text-uppercase`, but never found it.\n    at CambioPage.facaSimulacao (https://www.crefisa.com.br/__cypress/tests?p=cypress\\integration\\Cambio.feature:317:10)\n    at Context.eval (https://www.crefisa.com.br/__cypress/tests?p=cypress\\integration\\Cambio.feature:600:14)\n    at Context.resolveAndRunStepDefinition (https://www.crefisa.com.br/__cypress/tests?p=cypress\\integration\\Cambio.feature:11102:9)\n    at Context.eval (https://www.crefisa.com.br/__cypress/tests?p=cypress\\integration\\Cambio.feature:10444:35)",
                "diff": null
              },
              "uuid": "26d892c7-da83-45bb-a2c5-4b932789f369",
              "parentUUID": "15cfcd1e-2735-4061-8a66-435901e0b37e",
              "isHook": false,
              "skipped": false
            }
          ],
          "suites": [],
          "passes": [],
          "failures": [
            "26d892c7-da83-45bb-a2c5-4b932789f369"
          ],
          "pending": [],
          "skipped": [],
          "duration": 37537,
          "root": false,
          "rootEmpty": false,
          "_timeout": 2000
        }
      ],
      "passes": [],
      "failures": [],
      "pending": [],
      "skipped": [],
      "duration": 0,
      "root": true,
      "rootEmpty": true,
      "_timeout": 2000
    }
  ],
  "meta": {
    "mocha": {
      "version": "7.0.1"
    },
    "mochawesome": {
      "options": {
        "quiet": false,
        "reportFilename": "mochawesome",
        "saveHtml": true,
        "saveJson": true,
        "consoleReporter": "spec",
        "useInlineDiffs": false,
        "code": true
      },
      "version": "6.1.1"
    },
    "marge": {
      "options": {
        "overwrite": false
      },
      "version": "5.1.0"
    }
  }
}