{
  "stats": {
    "suites": 1,
    "tests": 1,
    "passes": 0,
    "pending": 0,
    "failures": 1,
    "start": "2020-09-16T13:28:00.545Z",
    "end": "2020-09-16T13:28:16.995Z",
    "duration": 16450,
    "testsRegistered": 1,
    "passPercent": 0,
    "pendingPercent": 0,
    "other": 0,
    "hasOther": false,
    "skipped": 0,
    "hasSkipped": false
  },
  "results": [
    {
      "uuid": "2fa3f81f-3bef-4dc7-9e89-4cc4b75f03c2",
      "title": "",
      "fullFile": "cypress\\integration\\Cartoes.feature",
      "file": "cypress\\integration\\Cartoes.feature",
      "beforeHooks": [],
      "afterHooks": [],
      "tests": [],
      "suites": [
        {
          "uuid": "aa94fe6f-92f5-4ec8-9a7a-9eccdb6907a0",
          "title": "Acessar Cartões Crefisa",
          "fullFile": "",
          "file": "",
          "beforeHooks": [],
          "afterHooks": [],
          "tests": [
            {
              "title": "Acessar a página Agente Crefisa",
              "fullTitle": "Acessar Cartões Crefisa Acessar a página Agente Crefisa",
              "timedOut": null,
              "duration": 16375,
              "state": "failed",
              "speed": null,
              "pass": false,
              "fail": true,
              "pending": false,
              "context": null,
              "code": "const state = window.testState;\nreturn cy\n  .then(() => state.onStartScenario(scenario, indexedSteps))\n  .then(() =>\n    resolveAndRunBeforeHooks.call(this, scenario.tags, state.feature.name)\n  )\n  .then(() =>\n    indexedSteps.forEach(step =>\n      stepTest.call(this, state, step, rowData)\n    )\n  )\n  .then(() =>\n    resolveAndRunAfterHooks.call(this, scenario.tags, state.feature.name)\n  )\n  .then(() => state.onFinishScenario(scenario));",
              "err": {
                "message": "AssertionError: Timed out retrying: Expected to find content: 'Peça seu Cartão' within the element: <a.feature-card__cta.order-4.btn.bg-orange.py-4.text-white.text-uppercase> but never did.",
                "estack": "AssertionError: Timed out retrying: Expected to find content: 'Peça seu Cartão' within the element: <a.feature-card__cta.order-4.btn.bg-orange.py-4.text-white.text-uppercase> but never did.\n    at CartoesPage.pecaSeuCartao (https://www.crefisa.com.br/__cypress/tests?p=cypress\\integration\\Cartoes.feature:275:52)\n    at Context.eval (https://www.crefisa.com.br/__cypress/tests?p=cypress\\integration\\Cartoes.feature:489:15)\n    at Context.resolveAndRunStepDefinition (https://www.crefisa.com.br/__cypress/tests?p=cypress\\integration\\Cartoes.feature:10967:9)\n    at Context.eval (https://www.crefisa.com.br/__cypress/tests?p=cypress\\integration\\Cartoes.feature:10309:35)",
                "diff": null
              },
              "uuid": "0f997832-69db-4ae6-b2a8-abad22a537d5",
              "parentUUID": "aa94fe6f-92f5-4ec8-9a7a-9eccdb6907a0",
              "isHook": false,
              "skipped": false
            }
          ],
          "suites": [],
          "passes": [],
          "failures": [
            "0f997832-69db-4ae6-b2a8-abad22a537d5"
          ],
          "pending": [],
          "skipped": [],
          "duration": 16375,
          "root": false,
          "rootEmpty": false,
          "_timeout": 2000
        }
      ],
      "passes": [],
      "failures": [],
      "pending": [],
      "skipped": [],
      "duration": 0,
      "root": true,
      "rootEmpty": true,
      "_timeout": 2000
    }
  ],
  "meta": {
    "mocha": {
      "version": "7.0.1"
    },
    "mochawesome": {
      "options": {
        "quiet": false,
        "reportFilename": "mochawesome",
        "saveHtml": true,
        "saveJson": true,
        "consoleReporter": "spec",
        "useInlineDiffs": false,
        "code": true
      },
      "version": "6.1.1"
    },
    "marge": {
      "options": {
        "overwrite": false
      },
      "version": "5.1.0"
    }
  }
}