{
  "stats": {
    "suites": 1,
    "tests": 1,
    "passes": 0,
    "pending": 0,
    "failures": 1,
    "start": "2020-09-16T19:52:58.246Z",
    "end": "2020-09-16T19:53:41.468Z",
    "duration": 43222,
    "testsRegistered": 1,
    "passPercent": 0,
    "pendingPercent": 0,
    "other": 0,
    "hasOther": false,
    "skipped": 0,
    "hasSkipped": false
  },
  "results": [
    {
      "uuid": "5b94158c-935a-45ff-986d-a379a73aa0b8",
      "title": "",
      "fullFile": "cypress\\integration\\Duplicatas.feature",
      "file": "cypress\\integration\\Duplicatas.feature",
      "beforeHooks": [],
      "afterHooks": [],
      "tests": [],
      "suites": [
        {
          "uuid": "63c23aa8-f7f4-47af-b355-cfc88cb349d3",
          "title": "Acessar Duplicatas Crefisa",
          "fullFile": "",
          "file": "",
          "beforeHooks": [],
          "afterHooks": [],
          "tests": [
            {
              "title": "Acessar a página Agente Crefisa",
              "fullTitle": "Acessar Duplicatas Crefisa Acessar a página Agente Crefisa",
              "timedOut": null,
              "duration": 43092,
              "state": "failed",
              "speed": null,
              "pass": false,
              "fail": true,
              "pending": false,
              "context": null,
              "code": "const state = window.testState;\nreturn cy\n  .then(() => state.onStartScenario(scenario, indexedSteps))\n  .then(() =>\n    resolveAndRunBeforeHooks.call(this, scenario.tags, state.feature.name)\n  )\n  .then(() =>\n    indexedSteps.forEach(step =>\n      stepTest.call(this, state, step, rowData)\n    )\n  )\n  .then(() =>\n    resolveAndRunAfterHooks.call(this, scenario.tags, state.feature.name)\n  )\n  .then(() => state.onFinishScenario(scenario));",
              "err": {
                "message": "AssertionError: Timed out retrying: Expected to find element: `.feature-card__cta order-4 btn bg-orange py-4 text-white text-uppercase`, but never found it.",
                "estack": "AssertionError: Timed out retrying: Expected to find element: `.feature-card__cta order-4 btn bg-orange py-4 text-white text-uppercase`, but never found it.\n    at DuplicatasPage.agendeUmaVisita (https://www.crefisa.com.br/__cypress/tests?p=cypress\\integration\\Duplicatas.feature:624:10)\n    at Context.eval (https://www.crefisa.com.br/__cypress/tests?p=cypress\\integration\\Duplicatas.feature:921:18)\n    at Context.resolveAndRunStepDefinition (https://www.crefisa.com.br/__cypress/tests?p=cypress\\integration\\Duplicatas.feature:11391:9)\n    at Context.eval (https://www.crefisa.com.br/__cypress/tests?p=cypress\\integration\\Duplicatas.feature:10733:35)",
                "diff": null
              },
              "uuid": "5de7abc5-08e2-455c-847b-9cc2b3bff841",
              "parentUUID": "63c23aa8-f7f4-47af-b355-cfc88cb349d3",
              "isHook": false,
              "skipped": false
            }
          ],
          "suites": [],
          "passes": [],
          "failures": [
            "5de7abc5-08e2-455c-847b-9cc2b3bff841"
          ],
          "pending": [],
          "skipped": [],
          "duration": 43092,
          "root": false,
          "rootEmpty": false,
          "_timeout": 2000
        }
      ],
      "passes": [],
      "failures": [],
      "pending": [],
      "skipped": [],
      "duration": 0,
      "root": true,
      "rootEmpty": true,
      "_timeout": 2000
    }
  ],
  "meta": {
    "mocha": {
      "version": "7.0.1"
    },
    "mochawesome": {
      "options": {
        "quiet": false,
        "reportFilename": "mochawesome",
        "saveHtml": true,
        "saveJson": true,
        "consoleReporter": "spec",
        "useInlineDiffs": false,
        "code": true
      },
      "version": "6.1.1"
    },
    "marge": {
      "options": {
        "overwrite": false
      },
      "version": "5.1.0"
    }
  }
}