{
  "stats": {
    "suites": 1,
    "tests": 1,
    "passes": 0,
    "pending": 0,
    "failures": 1,
    "start": "2020-09-16T15:51:34.317Z",
    "end": "2020-09-16T15:52:20.825Z",
    "duration": 46508,
    "testsRegistered": 1,
    "passPercent": 0,
    "pendingPercent": 0,
    "other": 0,
    "hasOther": false,
    "skipped": 0,
    "hasSkipped": false
  },
  "results": [
    {
      "uuid": "ebfd4de1-dc4c-443d-bca9-bc7e04d337c4",
      "title": "",
      "fullFile": "cypress\\integration\\Cambio.feature",
      "file": "cypress\\integration\\Cambio.feature",
      "beforeHooks": [],
      "afterHooks": [],
      "tests": [],
      "suites": [
        {
          "uuid": "92f477c8-df48-4860-8784-c54529b4f335",
          "title": "Acessar Câmbio Crefisa",
          "fullFile": "",
          "file": "",
          "beforeHooks": [],
          "afterHooks": [],
          "tests": [
            {
              "title": "Acessar a página Agente Crefisa",
              "fullTitle": "Acessar Câmbio Crefisa Acessar a página Agente Crefisa",
              "timedOut": null,
              "duration": 46379,
              "state": "failed",
              "speed": null,
              "pass": false,
              "fail": true,
              "pending": false,
              "context": null,
              "code": "const state = window.testState;\nreturn cy\n  .then(() => state.onStartScenario(scenario, indexedSteps))\n  .then(() =>\n    resolveAndRunBeforeHooks.call(this, scenario.tags, state.feature.name)\n  )\n  .then(() =>\n    indexedSteps.forEach(step =>\n      stepTest.call(this, state, step, rowData)\n    )\n  )\n  .then(() =>\n    resolveAndRunAfterHooks.call(this, scenario.tags, state.feature.name)\n  )\n  .then(() => state.onFinishScenario(scenario));",
              "err": {
                "message": "AssertionError: Timed out retrying: Expected to find content: 'Realize operações e acompanhe pelo Crefisa Mais' within the element: <h3#cambio-crefisa--transferencia_titulo-principal.transferencia__title> but never did.",
                "estack": "AssertionError: Timed out retrying: Expected to find content: 'Realize operações e acompanhe pelo Crefisa Mais' within the element: <h3#cambio-crefisa--transferencia_titulo-principal.transferencia__title> but never did.\n    at CambioPage.tituloInstrucoes (https://www.crefisa.com.br/__cypress/tests?p=cypress\\integration\\Cambio.feature:331:49)\n    at Context.eval (https://www.crefisa.com.br/__cypress/tests?p=cypress\\integration\\Cambio.feature:608:14)\n    at Context.resolveAndRunStepDefinition (https://www.crefisa.com.br/__cypress/tests?p=cypress\\integration\\Cambio.feature:11102:9)\n    at Context.eval (https://www.crefisa.com.br/__cypress/tests?p=cypress\\integration\\Cambio.feature:10444:35)",
                "diff": null
              },
              "uuid": "0624cc9f-e128-43c5-92a4-929126701e14",
              "parentUUID": "92f477c8-df48-4860-8784-c54529b4f335",
              "isHook": false,
              "skipped": false
            }
          ],
          "suites": [],
          "passes": [],
          "failures": [
            "0624cc9f-e128-43c5-92a4-929126701e14"
          ],
          "pending": [],
          "skipped": [],
          "duration": 46379,
          "root": false,
          "rootEmpty": false,
          "_timeout": 2000
        }
      ],
      "passes": [],
      "failures": [],
      "pending": [],
      "skipped": [],
      "duration": 0,
      "root": true,
      "rootEmpty": true,
      "_timeout": 2000
    }
  ],
  "meta": {
    "mocha": {
      "version": "7.0.1"
    },
    "mochawesome": {
      "options": {
        "quiet": false,
        "reportFilename": "mochawesome",
        "saveHtml": true,
        "saveJson": true,
        "consoleReporter": "spec",
        "useInlineDiffs": false,
        "code": true
      },
      "version": "6.1.1"
    },
    "marge": {
      "options": {
        "overwrite": false
      },
      "version": "5.1.0"
    }
  }
}