{
  "stats": {
    "suites": 1,
    "tests": 1,
    "passes": 1,
    "pending": 0,
    "failures": 0,
    "start": "2020-09-17T16:39:46.073Z",
    "end": "2020-09-17T16:40:34.054Z",
    "duration": 47981,
    "testsRegistered": 1,
    "passPercent": 100,
    "pendingPercent": 0,
    "other": 0,
    "hasOther": false,
    "skipped": 0,
    "hasSkipped": false
  },
  "results": [
    {
      "uuid": "485172dc-2cd6-49e3-8e07-e31b48677fa2",
      "title": "",
      "fullFile": "cypress\\integration\\Duplicatas.feature",
      "file": "cypress\\integration\\Duplicatas.feature",
      "beforeHooks": [],
      "afterHooks": [],
      "tests": [],
      "suites": [
        {
          "uuid": "54c68f66-def3-47e9-9d98-5240bb3d9321",
          "title": "Acessar Duplicatas Crefisa",
          "fullFile": "",
          "file": "",
          "beforeHooks": [],
          "afterHooks": [],
          "tests": [
            {
              "title": "Acessar a página Agente Crefisa",
              "fullTitle": "Acessar Duplicatas Crefisa Acessar a página Agente Crefisa",
              "timedOut": null,
              "duration": 47945,
              "state": "passed",
              "speed": "slow",
              "pass": true,
              "fail": false,
              "pending": false,
              "context": null,
              "code": "const state = window.testState;\nreturn cy\n  .then(() => state.onStartScenario(scenario, indexedSteps))\n  .then(() =>\n    resolveAndRunBeforeHooks.call(this, scenario.tags, state.feature.name)\n  )\n  .then(() =>\n    indexedSteps.forEach(step =>\n      stepTest.call(this, state, step, rowData)\n    )\n  )\n  .then(() =>\n    resolveAndRunAfterHooks.call(this, scenario.tags, state.feature.name)\n  )\n  .then(() => state.onFinishScenario(scenario));",
              "err": {},
              "uuid": "8152c3fa-62b9-4838-997f-792f8090994a",
              "parentUUID": "54c68f66-def3-47e9-9d98-5240bb3d9321",
              "isHook": false,
              "skipped": false
            }
          ],
          "suites": [],
          "passes": [
            "8152c3fa-62b9-4838-997f-792f8090994a"
          ],
          "failures": [],
          "pending": [],
          "skipped": [],
          "duration": 47945,
          "root": false,
          "rootEmpty": false,
          "_timeout": 2000
        }
      ],
      "passes": [],
      "failures": [],
      "pending": [],
      "skipped": [],
      "duration": 0,
      "root": true,
      "rootEmpty": true,
      "_timeout": 2000
    }
  ],
  "meta": {
    "mocha": {
      "version": "7.0.1"
    },
    "mochawesome": {
      "options": {
        "quiet": false,
        "reportFilename": "mochawesome",
        "saveHtml": true,
        "saveJson": true,
        "consoleReporter": "spec",
        "useInlineDiffs": false,
        "code": true
      },
      "version": "6.1.1"
    },
    "marge": {
      "options": {
        "overwrite": false
      },
      "version": "5.1.0"
    }
  }
}