{
  "stats": {
    "suites": 1,
    "tests": 1,
    "passes": 0,
    "pending": 0,
    "failures": 1,
    "start": "2020-09-17T13:31:45.066Z",
    "end": "2020-09-17T13:32:01.736Z",
    "duration": 16670,
    "testsRegistered": 1,
    "passPercent": 0,
    "pendingPercent": 0,
    "other": 0,
    "hasOther": false,
    "skipped": 0,
    "hasSkipped": false
  },
  "results": [
    {
      "uuid": "0e44648a-e224-4afb-b817-a78ec7035519",
      "title": "",
      "fullFile": "cypress\\integration\\Agente.feature",
      "file": "cypress\\integration\\Agente.feature",
      "beforeHooks": [],
      "afterHooks": [],
      "tests": [],
      "suites": [
        {
          "uuid": "11e6181d-2430-4be6-9916-18df1fed473b",
          "title": "Acessar Agente Crefisa",
          "fullFile": "",
          "file": "",
          "beforeHooks": [],
          "afterHooks": [],
          "tests": [
            {
              "title": "Acessar a página Agente Crefisa",
              "fullTitle": "Acessar Agente Crefisa Acessar a página Agente Crefisa",
              "timedOut": null,
              "duration": 16619,
              "state": "failed",
              "speed": null,
              "pass": false,
              "fail": true,
              "pending": false,
              "context": null,
              "code": "const state = window.testState;\nreturn cy\n  .then(() => state.onStartScenario(scenario, indexedSteps))\n  .then(() =>\n    resolveAndRunBeforeHooks.call(this, scenario.tags, state.feature.name)\n  )\n  .then(() =>\n    indexedSteps.forEach(step =>\n      stepTest.call(this, state, step, rowData)\n    )\n  )\n  .then(() =>\n    resolveAndRunAfterHooks.call(this, scenario.tags, state.feature.name)\n  )\n  .then(() => state.onFinishScenario(scenario));",
              "err": {
                "message": "AssertionError: Timed out retrying: Expected to find element: `.feature-card__cta order-4 btn bg-orange py-4 text-white text-uppercase`, but never found it.",
                "estack": "AssertionError: Timed out retrying: Expected to find element: `.feature-card__cta order-4 btn bg-orange py-4 text-white text-uppercase`, but never found it.\n    at AgentePage.saibamais (https://www.crefisa.com.br/__cypress/tests?p=cypress\\integration\\Agente.feature:313:10)\n    at Context.eval (https://www.crefisa.com.br/__cypress/tests?p=cypress\\integration\\Agente.feature:796:14)\n    at Context.resolveAndRunStepDefinition (https://www.crefisa.com.br/__cypress/tests?p=cypress\\integration\\Agente.feature:11391:9)\n    at Context.eval (https://www.crefisa.com.br/__cypress/tests?p=cypress\\integration\\Agente.feature:10733:35)",
                "diff": null
              },
              "uuid": "15c5964c-12ff-40e5-9020-3b54253c3e85",
              "parentUUID": "11e6181d-2430-4be6-9916-18df1fed473b",
              "isHook": false,
              "skipped": false
            }
          ],
          "suites": [],
          "passes": [],
          "failures": [
            "15c5964c-12ff-40e5-9020-3b54253c3e85"
          ],
          "pending": [],
          "skipped": [],
          "duration": 16619,
          "root": false,
          "rootEmpty": false,
          "_timeout": 2000
        }
      ],
      "passes": [],
      "failures": [],
      "pending": [],
      "skipped": [],
      "duration": 0,
      "root": true,
      "rootEmpty": true,
      "_timeout": 2000
    }
  ],
  "meta": {
    "mocha": {
      "version": "7.0.1"
    },
    "mochawesome": {
      "options": {
        "quiet": false,
        "reportFilename": "mochawesome",
        "saveHtml": true,
        "saveJson": true,
        "consoleReporter": "spec",
        "useInlineDiffs": false,
        "code": true
      },
      "version": "6.1.1"
    },
    "marge": {
      "options": {
        "overwrite": false
      },
      "version": "5.1.0"
    }
  }
}