{
  "stats": {
    "suites": 1,
    "tests": 1,
    "passes": 0,
    "pending": 0,
    "failures": 1,
    "start": "2020-09-17T16:24:35.181Z",
    "end": "2020-09-17T16:25:27.572Z",
    "duration": 52391,
    "testsRegistered": 1,
    "passPercent": 0,
    "pendingPercent": 0,
    "other": 0,
    "hasOther": false,
    "skipped": 0,
    "hasSkipped": false
  },
  "results": [
    {
      "uuid": "5abf5a99-ce3c-4a31-92b0-89534b5d317b",
      "title": "",
      "fullFile": "cypress\\integration\\ContaCorrente.feature",
      "file": "cypress\\integration\\ContaCorrente.feature",
      "beforeHooks": [],
      "afterHooks": [],
      "tests": [],
      "suites": [
        {
          "uuid": "c73b2cc4-889a-416c-9dd1-d39ddb1d4328",
          "title": "Acessar Conta Corrente Crefisa",
          "fullFile": "",
          "file": "",
          "beforeHooks": [],
          "afterHooks": [],
          "tests": [
            {
              "title": "Acessar a página Agente Crefisa",
              "fullTitle": "Acessar Conta Corrente Crefisa Acessar a página Agente Crefisa",
              "timedOut": null,
              "duration": 52251,
              "state": "failed",
              "speed": null,
              "pass": false,
              "fail": true,
              "pending": false,
              "context": null,
              "code": "const state = window.testState;\nreturn cy\n  .then(() => state.onStartScenario(scenario, indexedSteps))\n  .then(() =>\n    resolveAndRunBeforeHooks.call(this, scenario.tags, state.feature.name)\n  )\n  .then(() =>\n    indexedSteps.forEach(step =>\n      stepTest.call(this, state, step, rowData)\n    )\n  )\n  .then(() =>\n    resolveAndRunAfterHooks.call(this, scenario.tags, state.feature.name)\n  )\n  .then(() => state.onFinishScenario(scenario));",
              "err": {
                "message": "AssertionError: Timed out retrying: Expected to find element: `#produto-padrao--1486-titulo-principal`, but never found it.",
                "estack": "AssertionError: Timed out retrying: Expected to find element: `#produto-padrao--1486-titulo-principal`, but never found it.\n    at ContaCorrentePage.validarTitulo (https://www.crefisa.com.br/__cypress/tests?p=cypress\\integration\\ContaCorrente.feature:549:10)\n    at Context.eval (https://www.crefisa.com.br/__cypress/tests?p=cypress\\integration\\ContaCorrente.feature:889:21)\n    at Context.resolveAndRunStepDefinition (https://www.crefisa.com.br/__cypress/tests?p=cypress\\integration\\ContaCorrente.feature:11388:9)\n    at Context.eval (https://www.crefisa.com.br/__cypress/tests?p=cypress\\integration\\ContaCorrente.feature:10730:35)",
                "diff": null
              },
              "uuid": "2f7b0149-1783-49c7-a3ce-adc2cf1e5d19",
              "parentUUID": "c73b2cc4-889a-416c-9dd1-d39ddb1d4328",
              "isHook": false,
              "skipped": false
            }
          ],
          "suites": [],
          "passes": [],
          "failures": [
            "2f7b0149-1783-49c7-a3ce-adc2cf1e5d19"
          ],
          "pending": [],
          "skipped": [],
          "duration": 52251,
          "root": false,
          "rootEmpty": false,
          "_timeout": 2000
        }
      ],
      "passes": [],
      "failures": [],
      "pending": [],
      "skipped": [],
      "duration": 0,
      "root": true,
      "rootEmpty": true,
      "_timeout": 2000
    }
  ],
  "meta": {
    "mocha": {
      "version": "7.0.1"
    },
    "mochawesome": {
      "options": {
        "quiet": false,
        "reportFilename": "mochawesome",
        "saveHtml": true,
        "saveJson": true,
        "consoleReporter": "spec",
        "useInlineDiffs": false,
        "code": true
      },
      "version": "6.1.1"
    },
    "marge": {
      "options": {
        "overwrite": false
      },
      "version": "5.1.0"
    }
  }
}