{
  "stats": {
    "suites": 0,
    "tests": 1,
    "passes": 0,
    "pending": 0,
    "failures": 1,
    "start": "2020-09-17T13:44:52.759Z",
    "end": "2020-09-17T13:44:53.440Z",
    "duration": 681,
    "testsRegistered": 1,
    "passPercent": 0,
    "pendingPercent": 0,
    "other": 0,
    "hasOther": false,
    "skipped": 0,
    "hasSkipped": false
  },
  "results": [
    {
      "uuid": "7c550c65-76df-4ba6-af30-bd420e4f82c5",
      "title": "",
      "fullFile": "cypress\\integration\\Agente.feature",
      "file": "cypress\\integration\\Agente.feature",
      "beforeHooks": [],
      "afterHooks": [],
      "tests": [
        {
          "title": "An uncaught error was detected outside of a test",
          "fullTitle": "An uncaught error was detected outside of a test",
          "timedOut": null,
          "duration": 638,
          "state": "failed",
          "speed": null,
          "pass": false,
          "fail": true,
          "pending": false,
          "context": null,
          "code": "throw err;",
          "err": {
            "message": "Error: The following error originated from your test code, not from Cypress.\n\n  > Fetching resource at '/__cypress/tests?p=cypress\\integration\\Agente.feature' failed\n\nWhen Cypress detects uncaught errors originating from your test code it will automatically fail the current test.\n\nCypress could not associate this error to any specific test.\n\nWe dynamically generated a new test to display this failure.",
            "estack": "Error: The following error originated from your test code, not from Cypress.\n\n  > Fetching resource at '/__cypress/tests?p=cypress\\integration\\Agente.feature' failed\n\nWhen Cypress detects uncaught errors originating from your test code it will automatically fail the current test.\n\nCypress could not associate this error to any specific test.\n\nWe dynamically generated a new test to display this failure.\n    at XMLHttpRequest.xhr.onerror (https://www.crefisa.com.br/__cypress/runner/cypress_runner.js:175028:14)",
            "diff": null
          },
          "uuid": "5cd9d0aa-8c85-496b-a33e-2fcc036874f9",
          "parentUUID": "7c550c65-76df-4ba6-af30-bd420e4f82c5",
          "isHook": false,
          "skipped": false
        }
      ],
      "suites": [],
      "passes": [],
      "failures": [
        "5cd9d0aa-8c85-496b-a33e-2fcc036874f9"
      ],
      "pending": [],
      "skipped": [],
      "duration": 638,
      "root": true,
      "rootEmpty": false,
      "_timeout": 2000
    }
  ],
  "meta": {
    "mocha": {
      "version": "7.0.1"
    },
    "mochawesome": {
      "options": {
        "quiet": false,
        "reportFilename": "mochawesome",
        "saveHtml": true,
        "saveJson": true,
        "consoleReporter": "spec",
        "useInlineDiffs": false,
        "code": true
      },
      "version": "6.1.1"
    },
    "marge": {
      "options": {
        "overwrite": false
      },
      "version": "5.1.0"
    }
  }
}