{
  "stats": {
    "suites": 1,
    "tests": 1,
    "passes": 0,
    "pending": 0,
    "failures": 1,
    "start": "2020-09-16T19:57:27.919Z",
    "end": "2020-09-16T19:58:23.025Z",
    "duration": 55106,
    "testsRegistered": 1,
    "passPercent": 0,
    "pendingPercent": 0,
    "other": 0,
    "hasOther": false,
    "skipped": 0,
    "hasSkipped": false
  },
  "results": [
    {
      "uuid": "80faa32a-0e3d-4a72-9140-68936267c5a1",
      "title": "",
      "fullFile": "cypress\\integration\\Duplicatas.feature",
      "file": "cypress\\integration\\Duplicatas.feature",
      "beforeHooks": [],
      "afterHooks": [],
      "tests": [],
      "suites": [
        {
          "uuid": "99b6490f-0ce2-44dc-88d5-441b4592ca89",
          "title": "Acessar Duplicatas Crefisa",
          "fullFile": "",
          "file": "",
          "beforeHooks": [],
          "afterHooks": [],
          "tests": [
            {
              "title": "Acessar a página Agente Crefisa",
              "fullTitle": "Acessar Duplicatas Crefisa Acessar a página Agente Crefisa",
              "timedOut": null,
              "duration": 55024,
              "state": "failed",
              "speed": null,
              "pass": false,
              "fail": true,
              "pending": false,
              "context": null,
              "code": "const state = window.testState;\nreturn cy\n  .then(() => state.onStartScenario(scenario, indexedSteps))\n  .then(() =>\n    resolveAndRunBeforeHooks.call(this, scenario.tags, state.feature.name)\n  )\n  .then(() =>\n    indexedSteps.forEach(step =>\n      stepTest.call(this, state, step, rowData)\n    )\n  )\n  .then(() =>\n    resolveAndRunAfterHooks.call(this, scenario.tags, state.feature.name)\n  )\n  .then(() => state.onFinishScenario(scenario));",
              "err": {
                "message": "AssertionError: Timed out retrying: Expected to find content: 'Para Você' within the element: <button#agende-visita--para-voce.btn.bg-orange.> but never did.",
                "estack": "AssertionError: Timed out retrying: Expected to find content: 'Para Você' within the element: <button#agende-visita--para-voce.btn.bg-orange.> but never did.\n    at DuplicatasPage.paraVoce (https://www.crefisa.com.br/__cypress/tests?p=cypress\\integration\\Duplicatas.feature:631:50)\n    at Context.eval (https://www.crefisa.com.br/__cypress/tests?p=cypress\\integration\\Duplicatas.feature:925:18)\n    at Context.resolveAndRunStepDefinition (https://www.crefisa.com.br/__cypress/tests?p=cypress\\integration\\Duplicatas.feature:11391:9)\n    at Context.eval (https://www.crefisa.com.br/__cypress/tests?p=cypress\\integration\\Duplicatas.feature:10733:35)",
                "diff": null
              },
              "uuid": "cd7920a0-0d50-4a03-adf3-ec27e1edf023",
              "parentUUID": "99b6490f-0ce2-44dc-88d5-441b4592ca89",
              "isHook": false,
              "skipped": false
            }
          ],
          "suites": [],
          "passes": [],
          "failures": [
            "cd7920a0-0d50-4a03-adf3-ec27e1edf023"
          ],
          "pending": [],
          "skipped": [],
          "duration": 55024,
          "root": false,
          "rootEmpty": false,
          "_timeout": 2000
        }
      ],
      "passes": [],
      "failures": [],
      "pending": [],
      "skipped": [],
      "duration": 0,
      "root": true,
      "rootEmpty": true,
      "_timeout": 2000
    }
  ],
  "meta": {
    "mocha": {
      "version": "7.0.1"
    },
    "mochawesome": {
      "options": {
        "quiet": false,
        "reportFilename": "mochawesome",
        "saveHtml": true,
        "saveJson": true,
        "consoleReporter": "spec",
        "useInlineDiffs": false,
        "code": true
      },
      "version": "6.1.1"
    },
    "marge": {
      "options": {
        "overwrite": false
      },
      "version": "5.1.0"
    }
  }
}