{
  "stats": {
    "suites": 1,
    "tests": 1,
    "passes": 0,
    "pending": 0,
    "failures": 1,
    "start": "2020-10-08T19:46:04.844Z",
    "end": "2020-10-08T19:46:26.099Z",
    "duration": 21255,
    "testsRegistered": 1,
    "passPercent": 0,
    "pendingPercent": 0,
    "other": 0,
    "hasOther": false,
    "skipped": 0,
    "hasSkipped": false
  },
  "results": [
    {
      "uuid": "78087177-8462-4153-a2ae-4c973704a101",
      "title": "",
      "fullFile": "cypress\\integration\\Cambio.feature",
      "file": "cypress\\integration\\Cambio.feature",
      "beforeHooks": [],
      "afterHooks": [],
      "tests": [],
      "suites": [
        {
          "uuid": "9b54315b-a085-41cd-b57e-a54e5ab3b534",
          "title": "Acessar Câmbio Crefisa",
          "fullFile": "",
          "file": "",
          "beforeHooks": [],
          "afterHooks": [],
          "tests": [
            {
              "title": "Acessar a página Agente Crefisa",
              "fullTitle": "Acessar Câmbio Crefisa Acessar a página Agente Crefisa",
              "timedOut": null,
              "duration": 21146,
              "state": "failed",
              "speed": null,
              "pass": false,
              "fail": true,
              "pending": false,
              "context": null,
              "code": "const state = window.testState;\nreturn cy\n  .then(() => state.onStartScenario(scenario, indexedSteps))\n  .then(() =>\n    resolveAndRunBeforeHooks.call(this, scenario.tags, state.feature.name)\n  )\n  .then(() =>\n    indexedSteps.forEach(step =>\n      stepTest.call(this, state, step, rowData)\n    )\n  )\n  .then(() =>\n    resolveAndRunAfterHooks.call(this, scenario.tags, state.feature.name)\n  )\n  .then(() => state.onFinishScenario(scenario));",
              "err": {
                "message": "AssertionError: Timed out retrying: Expected to find content: '[data-slick-index=\"5\"] > .feature-card__cta' but never did.",
                "estack": "AssertionError: Timed out retrying: Expected to find content: '[data-slick-index=\"5\"] > .feature-card__cta' but never did.\n    at CambioPage.facaSimulacao (https://www.crefisa.com.br/__cypress/tests?p=cypress\\integration\\Cambio.feature:383:10)\n    at Context.eval (https://www.crefisa.com.br/__cypress/tests?p=cypress\\integration\\Cambio.feature:824:14)\n    at Context.resolveAndRunStepDefinition (https://www.crefisa.com.br/__cypress/tests?p=cypress\\integration\\Cambio.feature:11390:9)\n    at Context.eval (https://www.crefisa.com.br/__cypress/tests?p=cypress\\integration\\Cambio.feature:10732:35)",
                "diff": null
              },
              "uuid": "2548ef87-a579-41d3-bdbc-26c1d03ac598",
              "parentUUID": "9b54315b-a085-41cd-b57e-a54e5ab3b534",
              "isHook": false,
              "skipped": false
            }
          ],
          "suites": [],
          "passes": [],
          "failures": [
            "2548ef87-a579-41d3-bdbc-26c1d03ac598"
          ],
          "pending": [],
          "skipped": [],
          "duration": 21146,
          "root": false,
          "rootEmpty": false,
          "_timeout": 2000
        }
      ],
      "passes": [],
      "failures": [],
      "pending": [],
      "skipped": [],
      "duration": 0,
      "root": true,
      "rootEmpty": true,
      "_timeout": 2000
    }
  ],
  "meta": {
    "mocha": {
      "version": "7.0.1"
    },
    "mochawesome": {
      "options": {
        "quiet": false,
        "reportFilename": "mochawesome",
        "saveHtml": true,
        "saveJson": true,
        "consoleReporter": "spec",
        "useInlineDiffs": false,
        "code": true
      },
      "version": "6.1.1"
    },
    "marge": {
      "options": {
        "overwrite": false
      },
      "version": "5.1.0"
    }
  }
}