{
  "stats": {
    "suites": 1,
    "tests": 1,
    "passes": 0,
    "pending": 0,
    "failures": 1,
    "start": "2020-09-16T14:29:10.036Z",
    "end": "2020-09-16T14:29:52.813Z",
    "duration": 42777,
    "testsRegistered": 1,
    "passPercent": 0,
    "pendingPercent": 0,
    "other": 0,
    "hasOther": false,
    "skipped": 0,
    "hasSkipped": false
  },
  "results": [
    {
      "uuid": "2602346d-601f-4443-8b30-9fa0a091f8e0",
      "title": "",
      "fullFile": "cypress\\integration\\Cartoes.feature",
      "file": "cypress\\integration\\Cartoes.feature",
      "beforeHooks": [],
      "afterHooks": [],
      "tests": [],
      "suites": [
        {
          "uuid": "f8489366-4215-4db9-ac1a-881834ed8d68",
          "title": "Acessar Cartões Crefisa",
          "fullFile": "",
          "file": "",
          "beforeHooks": [],
          "afterHooks": [],
          "tests": [
            {
              "title": "Acessar a página Agente Crefisa",
              "fullTitle": "Acessar Cartões Crefisa Acessar a página Agente Crefisa",
              "timedOut": null,
              "duration": 42580,
              "state": "failed",
              "speed": null,
              "pass": false,
              "fail": true,
              "pending": false,
              "context": null,
              "code": "const state = window.testState;\nreturn cy\n  .then(() => state.onStartScenario(scenario, indexedSteps))\n  .then(() =>\n    resolveAndRunBeforeHooks.call(this, scenario.tags, state.feature.name)\n  )\n  .then(() =>\n    indexedSteps.forEach(step =>\n      stepTest.call(this, state, step, rowData)\n    )\n  )\n  .then(() =>\n    resolveAndRunAfterHooks.call(this, scenario.tags, state.feature.name)\n  )\n  .then(() => state.onFinishScenario(scenario));",
              "err": {
                "message": "AssertionError: Timed out retrying: Expected to find element: `agende-visita-modal__title`, but never found it.",
                "estack": "AssertionError: Timed out retrying: Expected to find element: `agende-visita-modal__title`, but never found it.\n    at CartoesPage.tituloPagina (https://www.crefisa.com.br/__cypress/tests?p=cypress\\integration\\Cartoes.feature:296:10)\n    at Context.eval (https://www.crefisa.com.br/__cypress/tests?p=cypress\\integration\\Cartoes.feature:500:15)\n    at Context.resolveAndRunStepDefinition (https://www.crefisa.com.br/__cypress/tests?p=cypress\\integration\\Cartoes.feature:10967:9)\n    at Context.eval (https://www.crefisa.com.br/__cypress/tests?p=cypress\\integration\\Cartoes.feature:10309:35)",
                "diff": null
              },
              "uuid": "81f7de25-2898-4994-9b8d-a7354528aa37",
              "parentUUID": "f8489366-4215-4db9-ac1a-881834ed8d68",
              "isHook": false,
              "skipped": false
            }
          ],
          "suites": [],
          "passes": [],
          "failures": [
            "81f7de25-2898-4994-9b8d-a7354528aa37"
          ],
          "pending": [],
          "skipped": [],
          "duration": 42580,
          "root": false,
          "rootEmpty": false,
          "_timeout": 2000
        }
      ],
      "passes": [],
      "failures": [],
      "pending": [],
      "skipped": [],
      "duration": 0,
      "root": true,
      "rootEmpty": true,
      "_timeout": 2000
    }
  ],
  "meta": {
    "mocha": {
      "version": "7.0.1"
    },
    "mochawesome": {
      "options": {
        "quiet": false,
        "reportFilename": "mochawesome",
        "saveHtml": true,
        "saveJson": true,
        "consoleReporter": "spec",
        "useInlineDiffs": false,
        "code": true
      },
      "version": "6.1.1"
    },
    "marge": {
      "options": {
        "overwrite": false
      },
      "version": "5.1.0"
    }
  }
}