{
  "stats": {
    "suites": 1,
    "tests": 1,
    "passes": 0,
    "pending": 0,
    "failures": 1,
    "start": "2020-10-08T18:55:15.966Z",
    "end": "2020-10-08T18:55:48.422Z",
    "duration": 32456,
    "testsRegistered": 1,
    "passPercent": 0,
    "pendingPercent": 0,
    "other": 0,
    "hasOther": false,
    "skipped": 0,
    "hasSkipped": false
  },
  "results": [
    {
      "uuid": "87a61545-636f-40d9-9e91-dd844bfbf52a",
      "title": "",
      "fullFile": "cypress\\integration\\Cambio.feature",
      "file": "cypress\\integration\\Cambio.feature",
      "beforeHooks": [],
      "afterHooks": [],
      "tests": [],
      "suites": [
        {
          "uuid": "e8be07d7-b923-46ea-9d88-1b0fb8a63064",
          "title": "Acessar Câmbio Crefisa",
          "fullFile": "",
          "file": "",
          "beforeHooks": [],
          "afterHooks": [],
          "tests": [
            {
              "title": "Acessar a página Agente Crefisa",
              "fullTitle": "Acessar Câmbio Crefisa Acessar a página Agente Crefisa",
              "timedOut": null,
              "duration": 32363,
              "state": "failed",
              "speed": null,
              "pass": false,
              "fail": true,
              "pending": false,
              "context": null,
              "code": "const state = window.testState;\nreturn cy\n  .then(() => state.onStartScenario(scenario, indexedSteps))\n  .then(() =>\n    resolveAndRunBeforeHooks.call(this, scenario.tags, state.feature.name)\n  )\n  .then(() =>\n    indexedSteps.forEach(step =>\n      stepTest.call(this, state, step, rowData)\n    )\n  )\n  .then(() =>\n    resolveAndRunAfterHooks.call(this, scenario.tags, state.feature.name)\n  )\n  .then(() => state.onFinishScenario(scenario));",
              "err": {
                "message": "AssertionError: Timed out retrying: expected '<a.feature-card__cta.order-4.btn.bg-orange.py-4.text-white.text-uppercase>' to contain 'Faça uma simulação'",
                "estack": "AssertionError: Timed out retrying: expected '<a.feature-card__cta.order-4.btn.bg-orange.py-4.text-white.text-uppercase>' to contain 'Faça uma simulação'\n    at CambioPage.facaSimulacao (https://www.crefisa.com.br/__cypress/tests?p=cypress\\integration\\Cambio.feature:382:54)\n    at Context.eval (https://www.crefisa.com.br/__cypress/tests?p=cypress\\integration\\Cambio.feature:824:14)\n    at Context.resolveAndRunStepDefinition (https://www.crefisa.com.br/__cypress/tests?p=cypress\\integration\\Cambio.feature:11390:9)\n    at Context.eval (https://www.crefisa.com.br/__cypress/tests?p=cypress\\integration\\Cambio.feature:10732:35)",
                "diff": null
              },
              "uuid": "ed3865f6-3e60-4fb8-9722-a847cc55fa77",
              "parentUUID": "e8be07d7-b923-46ea-9d88-1b0fb8a63064",
              "isHook": false,
              "skipped": false
            }
          ],
          "suites": [],
          "passes": [],
          "failures": [
            "ed3865f6-3e60-4fb8-9722-a847cc55fa77"
          ],
          "pending": [],
          "skipped": [],
          "duration": 32363,
          "root": false,
          "rootEmpty": false,
          "_timeout": 2000
        }
      ],
      "passes": [],
      "failures": [],
      "pending": [],
      "skipped": [],
      "duration": 0,
      "root": true,
      "rootEmpty": true,
      "_timeout": 2000
    }
  ],
  "meta": {
    "mocha": {
      "version": "7.0.1"
    },
    "mochawesome": {
      "options": {
        "quiet": false,
        "reportFilename": "mochawesome",
        "saveHtml": true,
        "saveJson": true,
        "consoleReporter": "spec",
        "useInlineDiffs": false,
        "code": true
      },
      "version": "6.1.1"
    },
    "marge": {
      "options": {
        "overwrite": false
      },
      "version": "5.1.0"
    }
  }
}