{
  "stats": {
    "suites": 1,
    "tests": 1,
    "passes": 0,
    "pending": 0,
    "failures": 1,
    "start": "2020-09-17T14:06:18.391Z",
    "end": "2020-09-17T14:07:15.288Z",
    "duration": 56897,
    "testsRegistered": 1,
    "passPercent": 0,
    "pendingPercent": 0,
    "other": 0,
    "hasOther": false,
    "skipped": 0,
    "hasSkipped": false
  },
  "results": [
    {
      "uuid": "97014eb7-2578-45b3-ad31-563619019ab7",
      "title": "",
      "fullFile": "cypress\\integration\\Agente.feature",
      "file": "cypress\\integration\\Agente.feature",
      "beforeHooks": [],
      "afterHooks": [],
      "tests": [],
      "suites": [
        {
          "uuid": "43611b2b-1f0e-4099-9818-3960dca7c9fc",
          "title": "Acessar Agente Crefisa",
          "fullFile": "",
          "file": "",
          "beforeHooks": [],
          "afterHooks": [],
          "tests": [
            {
              "title": "Acessar a página Agente Crefisa",
              "fullTitle": "Acessar Agente Crefisa Acessar a página Agente Crefisa",
              "timedOut": null,
              "duration": 56706,
              "state": "failed",
              "speed": null,
              "pass": false,
              "fail": true,
              "pending": false,
              "context": null,
              "code": "const state = window.testState;\nreturn cy\n  .then(() => state.onStartScenario(scenario, indexedSteps))\n  .then(() =>\n    resolveAndRunBeforeHooks.call(this, scenario.tags, state.feature.name)\n  )\n  .then(() =>\n    indexedSteps.forEach(step =>\n      stepTest.call(this, state, step, rowData)\n    )\n  )\n  .then(() =>\n    resolveAndRunAfterHooks.call(this, scenario.tags, state.feature.name)\n  )\n  .then(() => state.onFinishScenario(scenario));",
              "err": {
                "message": "Error: Step implementation missing for: direcionará para a página do Youtube com o video explicativo",
                "estack": "Error: Step implementation missing for: direcionará para a página do Youtube com o video explicativo\n    at Context.resolveAndRunStepDefinition (https://www.crefisa.com.br/__cypress/tests?p=cypress\\integration\\Agente.feature:11384:11)\n    at Context.eval (https://www.crefisa.com.br/__cypress/tests?p=cypress\\integration\\Agente.feature:10723:35)",
                "diff": null
              },
              "uuid": "591f61f4-f26e-4953-88c4-c44d1c915d92",
              "parentUUID": "43611b2b-1f0e-4099-9818-3960dca7c9fc",
              "isHook": false,
              "skipped": false
            }
          ],
          "suites": [],
          "passes": [],
          "failures": [
            "591f61f4-f26e-4953-88c4-c44d1c915d92"
          ],
          "pending": [],
          "skipped": [],
          "duration": 56706,
          "root": false,
          "rootEmpty": false,
          "_timeout": 2000
        }
      ],
      "passes": [],
      "failures": [],
      "pending": [],
      "skipped": [],
      "duration": 0,
      "root": true,
      "rootEmpty": true,
      "_timeout": 2000
    }
  ],
  "meta": {
    "mocha": {
      "version": "7.0.1"
    },
    "mochawesome": {
      "options": {
        "quiet": false,
        "reportFilename": "mochawesome",
        "saveHtml": true,
        "saveJson": true,
        "consoleReporter": "spec",
        "useInlineDiffs": false,
        "code": true
      },
      "version": "6.1.1"
    },
    "marge": {
      "options": {
        "overwrite": false
      },
      "version": "5.1.0"
    }
  }
}